05/15/2024 23:10 | example_sectors | 0h 2m 5s
05/15/2024 23:21 | ROUTE 88 | 0h 7m 42s
05/15/2024 23:32 | ROUTE 88 | 0h 8m 1s
05/15/2024 23:50 | POLICE | 0h 3m 6s
05/16/2024 00:02 | POLICE | 0h 3m 17s
05/16/2024 02:18 | map 1 | 1h 47m 21s
05/16/2024 08:18 | map 1 | 2h 1m 5s
05/16/2024 11:43 | map 1 | 1h 26m 6s
05/16/2024 14:45 | map 1 | 1h 43m 56s
05/16/2024 19:30 | empty | 0h 0m 39s
05/16/2024 19:33 | empty | 0h 0m 38s
05/16/2024 19:33 | empty | 0h 0m 17s
05/16/2024 19:34 | empty | 0h 0m 18s
05/16/2024 19:35 | empty | 0h 0m 22s
05/16/2024 19:36 | empty | 0h 0m 17s
05/16/2024 19:36 | empty | 0h 0m 18s
05/16/2024 19:37 | empty | 0h 0m 18s
05/16/2024 19:39 | empty | 0h 0m 17s
05/16/2024 19:42 | empty | 0h 0m 11s
05/16/2024 19:43 | empty | 0h 0m 9s
05/16/2024 19:46 | empty | 0h 0m 9s
05/16/2024 19:55 | empty | 0h 0m 16s
05/16/2024 20:04 | empty | 0h 0m 16s
05/16/2024 20:05 | empty | 0h 0m 9s
05/16/2024 20:07 | empty | 0h 0m 9s
05/16/2024 20:08 | empty | 0h 0m 12s
05/16/2024 20:10 | empty | 0h 0m 11s
05/16/2024 23:32 | map 1 | 1h 16m 13s
05/17/2024 12:13 | map 1 | 0h 0m 49s
05/17/2024 12:17 | map 1 | 0h 0m 24s
05/17/2024 12:27 | map 1 | 0h 0m 42s
05/17/2024 12:28 | map 1 | 0h 0m 38s
05/17/2024 12:40 | map 1 | 0h 0m 50s
05/17/2024 12:45 | map 1 | 0h 0m 55s
05/17/2024 12:48 | map 1 | 0h 1m 2s
05/17/2024 12:56 | map 1 | 0h 1m 2s
05/17/2024 12:58 | map 1 | 0h 1m 0s
05/17/2024 13:02 | map 1 | 0h 1m 21s
05/17/2024 13:06 | map 1 | 0h 1m 28s
05/17/2024 13:12 | map 1 | 0h 1m 50s
05/17/2024 13:30 | map 1 | 0h 0m 40s
05/17/2024 13:35 | map 1 | 0h 1m 33s
05/17/2024 13:49 | map 1 | 0h 1m 31s
05/17/2024 13:55 | map 1 | 0h 1m 31s
05/17/2024 13:58 | map 1 | 0h 1m 31s
05/17/2024 15:14 | map 1 | 0h 1m 34s
05/17/2024 15:32 | map 1 | 0h 1m 34s
05/17/2024 21:08 | map 1 | 1h 36m 14s
05/18/2024 07:12 | map 1 | 0h 1m 39s
05/18/2024 07:20 | map 1 | 0h 1m 31s
05/18/2024 07:22 | map 1 | 0h 1m 31s
05/18/2024 07:28 | map 1 | 0h 1m 31s
05/18/2024 07:31 | map 1 | 0h 1m 31s
05/18/2024 07:33 | map 1 | 0h 1m 30s
05/18/2024 07:35 | map 1 | 0h 1m 30s
05/18/2024 07:38 | map 1 | 0h 1m 30s
05/18/2024 07:41 | map 1 | 0h 1m 30s
05/18/2024 07:43 | map 1 | 0h 1m 32s
05/18/2024 07:46 | map 1 | 0h 1m 32s
05/18/2024 07:49 | map 1 | 0h 1m 38s
05/18/2024 07:55 | map 1 | 0h 1m 42s
05/18/2024 07:58 | map 1 | 0h 1m 46s
05/18/2024 08:01 | map 1 | 0h 1m 31s
05/18/2024 08:06 | map 1 | 0h 1m 31s
05/18/2024 08:11 | map 1 | 0h 1m 33s
05/18/2024 08:18 | map 1 | 0h 1m 31s
05/18/2024 08:20 | map 1 | 0h 1m 35s
05/18/2024 08:24 | map 1 | 0h 1m 45s
05/18/2024 08:27 | map 1 | 0h 1m 44s
05/18/2024 08:36 | map 1 | 0h 1m 44s
05/18/2024 08:46 | map 1 | 0h 1m 45s
05/18/2024 08:49 | map 1 | 0h 1m 45s
05/18/2024 08:53 | map 1 | 0h 1m 45s
05/18/2024 09:08 | map 1 | 0h 1m 44s
05/18/2024 09:47 | map 1 | 0h 1m 48s
05/18/2024 09:50 | map 1 | 0h 1m 48s
05/18/2024 09:53 | map 1 | 0h 1m 48s
05/18/2024 09:57 | map 1 | 0h 1m 44s
05/18/2024 10:06 | map 1 | 0h 1m 33s
05/18/2024 10:09 | map 1 | 0h 1m 31s
05/18/2024 10:12 | map 1 | 0h 1m 33s
05/18/2024 10:14 | map 1 | 0h 1m 33s
05/18/2024 10:19 | map 1 | 0h 1m 33s
05/18/2024 17:37 | map 1 | 0h 2m 18s
05/18/2024 17:44 | map 1 | 0h 2m 15s
05/18/2024 20:41 | map 1 | 0h 2m 28s
05/18/2024 21:06 | map 1 | 0h 3m 10s
05/18/2024 21:22 | map 1 | 0h 3m 19s
05/19/2024 09:54 | map 1 | 0h 3m 8s
05/19/2024 10:06 | map 1 | 0h 3m 5s
05/19/2024 10:12 | map 1 | 0h 3m 5s
05/19/2024 10:19 | map 1 | 0h 3m 5s
05/19/2024 19:41 | map 1 | 0h 3m 25s
05/19/2024 20:04 | map 1 | 0h 3m 12s
05/19/2024 20:47 | map 1 | 0h 3m 39s
05/19/2024 21:12 | map 1 | 0h 3m 19s
05/19/2024 21:39 | map 1 | 0h 4m 2s
05/19/2024 23:57 | map 1 | 1h 36m 54s
05/20/2024 12:49 | map 1 | 11h 33m 28s
05/20/2024 14:04 | map 1 | 0h 3m 27s
05/20/2024 14:13 | map 1 | 0h 6m 14s
05/20/2024 14:38 | map 1 | 0h 6m 17s
05/20/2024 15:02 | map 1 | 0h 5m 1s
05/20/2024 18:47 | POLICE | 0h 3m 32s
05/20/2024 18:52 | POLICE | 0h 3m 1s
05/20/2024 19:06 | POLICE | 0h 3m 7s
05/20/2024 19:30 | POLICE | 0h 3m 6s
05/20/2024 19:42 | POLICE | 0h 3m 0s
05/20/2024 19:51 | POLICE | 0h 3m 13s
05/20/2024 19:59 | POLICE | 0h 3m 18s
05/20/2024 20:03 | POLICE | 0h 3m 23s
05/20/2024 20:08 | POLICE | 0h 3m 42s
05/20/2024 20:13 | POLICE | 0h 3m 21s
05/20/2024 20:20 | POLICE | 0h 3m 22s
05/20/2024 20:29 | POLICE | 0h 3m 25s
05/20/2024 20:38 | POLICE | 0h 3m 22s
05/20/2024 21:01 | POLICE PVP | 0h 3m 48s
05/20/2024 21:08 | POLICE PVP | 0h 3m 57s
05/20/2024 21:15 | POLICE PVP | 0h 3m 32s
05/20/2024 21:56 | POLICE PVP | 0h 3m 52s
05/20/2024 22:00 | POLICE PVP | 0h 3m 45s
05/20/2024 22:07 | POLICE PVP | 0h 3m 44s
05/20/2024 22:14 | POLICE PVP | 0h 3m 55s
